<?xml version="1.0" encoding="UTF-8"?>
<testsuite xmlns:xsi="http://www.w3.org/2001/XMLSchema-instance" xsi:noNamespaceSchemaLocation="https://maven.apache.org/surefire/maven-surefire-plugin/xsd/surefire-test-report.xsd" version="3.0.2" name="id.lsp.perpustakaan.LibraryTest" time="0.119" tests="6" errors="0" skipped="0" failures="0">
  <properties>
[...]
</properties>
  <testcase name="testTambahBukuValidasiJudulKosong" classname="id.lsp.perpustakaan.LibraryTest" time="0.045"/>
  <testcase name="testLoginPetugasGagal" classname="id.lsp.perpustakaan.LibraryTest" time="0.003"/>
  <testcase name="testLoginPetugasBerhasil" classname="id.lsp.perpustakaan.LibraryTest" time="0.006"/>
  <testcase name="testTambahAnggotaValidasiTeleponKosong" classname="id.lsp.perpustakaan.LibraryTest" time="0.002"/>
  <testcase name="testPeminjamanMengurangiStokBuku" classname="id.lsp.perpustakaan.LibraryTest" time="0.002"/>
  <testcase name="testTanggalJatuhTempo" classname="id.lsp.perpustakaan.LibraryTest" time="0.002"/>
</testsuite>